[18:52:23] [main/INFO] (Launcher) ModLauncher running: args [--launchTarget, forgeclientdev, --version, 21.1.192, --assetIndex, 1.21.1-17, --assetsDir, C:\Users\ASUS\.gradle\caches\fabric-loom\assets, --gameDir, ., --fml.fmlVersion, 4.0.41, --fml.mcVersion, 1.21.1, --fml.neoForgeVersion, 21.1.192, --fml.neoFormVersion, 20240808.144430]
[18:52:23] [main/INFO] (Launcher) JVM identified as BellSoft OpenJDK 64-Bit Server VM 21.0.4+9-LTS
[18:52:23] [main/INFO] (Launcher) ModLauncher 11.0.5+main.901c6ea8 starting: java version 21.0.4 by BellSoft; OS Windows 11 arch amd64 version 10.0
[18:52:23] [main/WARN] (FMLConfig) Configuration file G:\Furniture1.21.1\neoforge\run\config\fml.toml is not correct. Correcting
[18:52:23] [main/WARN] (FMLConfig) Incorrect key [disableConfigWatcher] was corrected from null to false
[18:52:23] [main/INFO] (ImmediateWindowHandler) Loading ImmediateWindowProvider fmlearlywindow
[18:52:24] [main/INFO] (EARLYDISPLAY) Trying GL version 4.6
[18:52:24] [main/INFO] (EARLYDISPLAY) Requested GL version 4.6 got version 4.6
[18:52:25] [main/INFO] (mixin) SpongePowered MIXIN Subsystem Version=0.8.7 Source=union:/C:/Users/ASUS/.gradle/caches/modules-2/files-2.1/net.fabricmc/sponge-mixin/0.15.2+mixin.0.8.7/2af2f021d8e02a0220dc27a7a72b4666d66d44ca/sponge-mixin-0.15.2+mixin.0.8.7.jar%23125!/ Service=ModLauncher Env=CLIENT
[18:52:25] [main/WARN] (FMLConfig) Configuration file G:\Furniture1.21.1\neoforge\run\config\fml.toml is not correct. Correcting
[18:52:25] [pool-5-thread-1/INFO] (EARLYDISPLAY) GL info: Intel(R) Iris(R) Xe Graphics GL version 4.6.0 - Build 31.0.101.4502, Intel
[18:52:25] [main/INFO] (ModDiscoverer) Found mod file "neoforge-21.1.192-minecraft-merged-bc36998eeb-1.21.1-loom.mappings.1_21_1.layered+hash.40359-v2-neoforge-21.1.192.jar" [locator: neoforge devenv provider ([G:\Furniture1.21.1\.gradle\loom-cache\minecraftMaven\net\minecraft\neoforge-21.1.192-minecraft-merged-bc36998eeb\1.21.1-loom.mappings.1_21_1.layered+hash.40359-v2-neoforge-21.1.192\neoforge-21.1.192-minecraft-merged-bc36998eeb-1.21.1-loom.mappings.1_21_1.layered+hash.40359-v2-neoforge-21.1.192.jar])]
[18:52:25] [main/INFO] (ModDiscoverer) Found mod file "neoforge-21.1.192-minecraft-merged-bc36998eeb-1.21.1-loom.mappings.1_21_1.layered+hash.40359-v2-neoforge-21.1.192.jar" [locator: neoforge devenv provider ([G:\Furniture1.21.1\.gradle\loom-cache\minecraftMaven\net\minecraft\neoforge-21.1.192-minecraft-merged-bc36998eeb\1.21.1-loom.mappings.1_21_1.layered+hash.40359-v2-neoforge-21.1.192\neoforge-21.1.192-minecraft-merged-bc36998eeb-1.21.1-loom.mappings.1_21_1.layered+hash.40359-v2-neoforge-21.1.192.jar])]
[18:52:25] [main/INFO] (ModDiscoverer) Found mod file "main" [locator: userdev mods and services, reader: mod manifest]
[18:52:25] [main/INFO] (ModDiscoverer) Found mod file "neoforge-21.1.192-minecraft-merged-bc36998eeb-1.21.1-loom.mappings.1_21_1.layered+hash.40359-v2-neoforge-21.1.192.jar" [locator: userdev mods and services, reader: mod manifest]
[18:52:25] [main/INFO] (ModDiscoverer) Found mod file "RoughlyEnoughItems-neoforge-16.0.799.jar" [locator: userdev mods and services, reader: mod manifest]
[18:52:25] [main/INFO] (ModDiscoverer) Found mod file "cloth-config-neoforge-15.0.130-neoforge.jar" [locator: userdev mods and services, reader: mod manifest]
[18:52:25] [main/INFO] (ModDiscoverer) Found mod file "architectury-neoforge-13.0.8.jar" [locator: userdev mods and services, reader: mod manifest]
[18:52:25] [main/INFO] (ModDiscoverer) Found mod file "11128677540836551762.jar" [locator: userdev mods and services, reader: mod manifest]
[18:52:25] [main/INFO] (ModDiscoverer) Found gamelibrary file "mixinextras-neoforge-0.4.1.jar" [locator: userdev mods and services, reader: mod manifest]
[18:52:26] [main/WARN] (JarSelector) Attempted to select a dependency jar for JarJar which was passed in as source: library:mixinextras.neoforge. Using Mod File: C:\Users\ASUS\.gradle\caches\modules-2\files-2.1\io.github.llamalad7\mixinextras-neoforge\0.4.1\eff97772ecd0dcf8e52cdbafd3b3ccec425f8314\mixinextras-neoforge-0.4.1.jar
[18:52:26] [main/INFO] (JarInJarDependencyLocator) Found 1 dependencies adding them to mods collection
[18:52:26] [main/INFO] (ModDiscoverer) Found library file "net.neoforged.neoforge-coremods-21.1.192.jar" [parent: neoforge-21.1.192-minecraft-merged-bc36998eeb-1.21.1-loom.mappings.1_21_1.layered+hash.40359-v2-neoforge-21.1.192.jar, locator: jarinjar, reader: mod manifest]
[18:52:26] [main/INFO] (ModDiscoverer) 
     Mod List:
		Name Version (Mod Id)

		[Let's Do] Furniture 1.0.4 (furniture)
		Architectury 13.0.8 (architectury)
		Cloth Config v15 API 15.0.130 (cloth_config)
		generated_8129c91 1 (generated_8129c91)
		Minecraft 1.21.1 (minecraft)
		NeoForge 21.1.192 (neoforge)
		Roughly Enough Items (REI) 16.0.799 (roughlyenoughitems)
[18:52:27] [main/INFO] (LaunchServiceHandler) Launching target 'forgeclientdev' with arguments [--version, 21.1.192, --gameDir, ., --assetsDir, C:\Users\ASUS\.gradle\caches\fabric-loom\assets, --assetIndex, 1.21.1-17]
[18:52:27] [main/INFO] (unprotect) Found 8254 Minecraft classes
[18:52:27] [main/INFO] (MixinExtras|Service) Initializing MixinExtras via com.llamalad7.mixinextras.service.MixinExtrasServiceImpl(version=0.4.1).
[137月2025 18:52:29.520] [Datafixer Bootstrap/INFO] [com.mojang.datafixers.DataFixerBuilder/]: 229 Datafixer optimizations took 352 milliseconds
[137月2025 18:52:35.806] [main/WARN] [net.minecraft.commands.Commands/]: Ambiguity between arguments [teleport, location] and [teleport, destination] with inputs: [0.1 -0.5 .9, 0 0 0]
[137月2025 18:52:35.809] [main/WARN] [net.minecraft.commands.Commands/]: Ambiguity between arguments [teleport, location] and [teleport, targets] with inputs: [0.1 -0.5 .9, 0 0 0]
[137月2025 18:52:35.813] [main/WARN] [net.minecraft.commands.Commands/]: Ambiguity between arguments [teleport, destination] and [teleport, targets] with inputs: [Player, 0123, @e, dd12be42-52a9-4a91-a8a1-11c01849e498]
[137月2025 18:52:35.815] [main/WARN] [net.minecraft.commands.Commands/]: Ambiguity between arguments [teleport, targets] and [teleport, destination] with inputs: [Player, 0123, dd12be42-52a9-4a91-a8a1-11c01849e498]
[137月2025 18:52:35.817] [main/WARN] [net.minecraft.commands.Commands/]: Ambiguity between arguments [teleport, targets, location] and [teleport, targets, destination] with inputs: [0.1 -0.5 .9, 0 0 0]
[137月2025 18:52:36.051] [Render thread/WARN] [net.minecraft.server.packs.VanillaPackResourcesBuilder/]: Assets URL 'union:/G:/Furniture1.21.1/.gradle/loom-cache/minecraftMaven/net/minecraft/neoforge-21.1.192-minecraft-merged-bc36998eeb/1.21.1-loom.mappings.1_21_1.layered+hash.40359-v2-neoforge-21.1.192/neoforge-21.1.192-minecraft-merged-bc36998eeb-1.21.1-loom.mappings.1_21_1.layered+hash.40359-v2-neoforge-21.1.192.jar%23198!/assets/.mcassetsroot' uses unexpected schema
[137月2025 18:52:36.052] [Render thread/WARN] [net.minecraft.server.packs.VanillaPackResourcesBuilder/]: Assets URL 'union:/G:/Furniture1.21.1/.gradle/loom-cache/minecraftMaven/net/minecraft/neoforge-21.1.192-minecraft-merged-bc36998eeb/1.21.1-loom.mappings.1_21_1.layered+hash.40359-v2-neoforge-21.1.192/neoforge-21.1.192-minecraft-merged-bc36998eeb-1.21.1-loom.mappings.1_21_1.layered+hash.40359-v2-neoforge-21.1.192.jar%23198!/data/.mcassetsroot' uses unexpected schema
[137月2025 18:52:36.090] [Render thread/INFO] [com.mojang.authlib.yggdrasil.YggdrasilAuthenticationService/]: Environment: Environment[sessionHost=https://sessionserver.mojang.com, servicesHost=https://api.minecraftservices.com, name=PROD]
[137月2025 18:52:36.103] [Render thread/INFO] [net.minecraft.client.Minecraft/]: Setting user: Dev
[137月2025 18:52:36.197] [Render thread/INFO] [net.minecraft.client.Minecraft/]: Backend library: LWJGL version 3.3.3+5
[137月2025 18:52:36.553] [modloading-worker-0/INFO] [net.neoforged.neoforge.common.NeoForgeMod/NEOFORGE-MOD]: NeoForge mod loading, version 21.1.192, for MC 1.21.1
[137月2025 18:52:36.846] [modloading-worker-0/INFO] [REI/]: [REI] Config loaded
[137月2025 18:52:37.000] [modloading-worker-0/INFO] [REI/]: [REI] Registered plugin provider DefaultPluginImpl [roughlyenoughitems] for REIServerPlugin
[137月2025 18:52:37.000] [modloading-worker-0/INFO] [REI/]: [REI] Registered plugin provider DefaultPluginImpl [roughlyenoughitems] for REIPlugin
[137月2025 18:52:37.003] [modloading-worker-0/INFO] [REI/]: [REI] Registered plugin provider DefaultRuntimePlugin [roughlyenoughitems] for REIServerPlugin
[137月2025 18:52:37.003] [modloading-worker-0/INFO] [REI/]: [REI] Registered plugin provider DefaultRuntimePlugin [roughlyenoughitems] for REIPlugin
[137月2025 18:52:37.058] [modloading-worker-0/INFO] [REI/]: [REI] Registered plugin provider DefaultClientPluginImpl [roughlyenoughitems] for REIClientPlugin
[137月2025 18:52:37.059] [modloading-worker-0/INFO] [REI/]: [REI] Registered plugin provider DefaultClientPluginImpl [roughlyenoughitems] for REIPlugin
[137月2025 18:52:37.089] [modloading-worker-0/INFO] [REI/]: [REI] Registered plugin provider DefaultClientRuntimePlugin [roughlyenoughitems] for REIClientPlugin
[137月2025 18:52:37.089] [modloading-worker-0/INFO] [REI/]: [REI] Registered plugin provider DefaultClientRuntimePlugin [roughlyenoughitems] for REIPlugin
[137月2025 18:52:37.094] [modloading-worker-0/INFO] [REI/]: [REI] Registered plugin provider HideIngredientsFromTagsPlugin [roughlyenoughitems] for REIClientPlugin
[137月2025 18:52:37.095] [modloading-worker-0/INFO] [REI/]: [REI] Registered plugin provider HideIngredientsFromTagsPlugin [roughlyenoughitems] for REIPlugin
[137月2025 18:52:39.703] [Render thread/INFO] [net.neoforged.neoforge.gametest.GameTestHooks/]: Enabled Gametest Namespaces: []
[137月2025 18:52:40.106] [Render thread/INFO] [net.minecraft.server.packs.resources.ReloadableResourceManager/]: Reloading ResourceManager: vanilla, mod_resources, mod/roughlyenoughitems, mod/cloth_config, mod/generated_8129c91, mod/architectury, mod/furniture, mod/neoforge
[137月2025 18:52:40.210] [Worker-Main-10/INFO] [net.minecraft.client.gui.font.providers.UnihexProvider/]: Found unifont_all_no_pua-15.1.05.hex, loading
[137月2025 18:52:40.210] [Worker-Main-13/INFO] [net.minecraft.client.gui.font.providers.UnihexProvider/]: Found unifont_jp_patch-15.1.05.hex, loading
[137月2025 18:52:42.713] [Render thread/WARN] [net.minecraft.client.sounds.SoundEngine/]: Missing sound for event: minecraft:item.goat_horn.play
[137月2025 18:52:42.714] [Render thread/WARN] [net.minecraft.client.sounds.SoundEngine/]: Missing sound for event: minecraft:entity.goat.screaming.horn_break
[137月2025 18:52:43.098] [Render thread/INFO] [com.mojang.blaze3d.audio.Library/]: OpenAL initialized on device OpenAL Soft on 耳机 (Realtek(R) Audio)
[137月2025 18:52:43.100] [Render thread/INFO] [net.minecraft.client.sounds.SoundEngine/SOUNDS]: Sound engine started
[137月2025 18:52:43.286] [Render thread/INFO] [net.minecraft.client.renderer.texture.TextureAtlas/]: Created: 1024x1024x4 minecraft:textures/atlas/blocks.png-atlas
[137月2025 18:52:46.946] [Render thread/INFO] [net.minecraft.client.renderer.texture.TextureAtlas/]: Created: 256x256x4 minecraft:textures/atlas/signs.png-atlas
[137月2025 18:52:47.095] [Render thread/INFO] [net.minecraft.client.renderer.texture.TextureAtlas/]: Created: 512x512x4 minecraft:textures/atlas/shield_patterns.png-atlas
[137月2025 18:52:47.475] [Render thread/INFO] [net.minecraft.client.renderer.texture.TextureAtlas/]: Created: 512x512x4 minecraft:textures/atlas/banner_patterns.png-atlas
[137月2025 18:52:47.757] [Render thread/INFO] [net.minecraft.client.renderer.texture.TextureAtlas/]: Created: 1024x1024x4 minecraft:textures/atlas/armor_trims.png-atlas
[137月2025 18:52:48.136] [Render thread/INFO] [net.minecraft.client.renderer.texture.TextureAtlas/]: Created: 128x64x4 minecraft:textures/atlas/decorated_pot.png-atlas
[137月2025 18:52:48.140] [Render thread/INFO] [net.minecraft.client.renderer.texture.TextureAtlas/]: Created: 256x256x4 minecraft:textures/atlas/chest.png-atlas
[137月2025 18:52:48.142] [Render thread/INFO] [net.minecraft.client.renderer.texture.TextureAtlas/]: Created: 512x256x4 minecraft:textures/atlas/beds.png-atlas
[137月2025 18:52:48.144] [Render thread/INFO] [net.minecraft.client.renderer.texture.TextureAtlas/]: Created: 512x256x4 minecraft:textures/atlas/shulker_boxes.png-atlas
[137月2025 18:52:48.230] [Render thread/INFO] [net.minecraft.client.renderer.texture.TextureAtlas/]: Created: 512x256x0 minecraft:textures/atlas/particles.png-atlas
[137月2025 18:52:48.238] [Render thread/INFO] [net.minecraft.client.renderer.texture.TextureAtlas/]: Created: 512x256x0 minecraft:textures/atlas/paintings.png-atlas
[137月2025 18:52:48.245] [Render thread/INFO] [net.minecraft.client.renderer.texture.TextureAtlas/]: Created: 256x128x0 minecraft:textures/atlas/mob_effects.png-atlas
[137月2025 18:52:48.248] [Render thread/INFO] [net.minecraft.client.renderer.texture.TextureAtlas/]: Created: 64x64x0 minecraft:textures/atlas/map_decorations.png-atlas
[137月2025 18:52:48.249] [Render thread/INFO] [net.minecraft.client.renderer.texture.TextureAtlas/]: Created: 1024x512x0 minecraft:textures/atlas/gui.png-atlas
[137月2025 18:52:48.346] [Render thread/WARN] [net.minecraft.client.renderer.ShaderInstance/]: Shader rendertype_entity_translucent_emissive could not find sampler named Sampler2 in the specified shader program.
[137月2025 18:52:48.475] [Render thread/INFO] [net.neoforged.neoforge.client.entity.animation.json.AnimationLoader/]: Loaded 0 entity animations
[137月2025 18:52:57.712] [Render thread/INFO] [net.minecraft.client.Minecraft/]: Stopping!
