[18:52:36] [modloading-worker-0/INFO] ========================================
[18:52:36] [modloading-worker-0/INFO] Minecraft: 1.21.1
[18:52:36] [modloading-worker-0/INFO] Side: client
[18:52:36] [modloading-worker-0/INFO] Development: true
[18:52:36] [modloading-worker-0/INFO] Version: 16.0.799
[18:52:36] [modloading-worker-0/INFO] Loader:
[18:52:36] [modloading-worker-0/INFO] - Forge: null
[18:52:36] [modloading-worker-0/INFO] Dependencies:
[18:52:36] [modloading-worker-0/INFO] - Cloth Config: 15.0.130
[18:52:36] [modloading-worker-0/INFO] - Architectury: 13.0.8
[18:52:36] [modloading-worker-0/INFO] Mixin: 0.8.7
[18:52:36] [modloading-worker-0/INFO] OS: Windows 11 10.0 (amd64)
[18:52:36] [modloading-worker-0/INFO] Java: 21.0.4 (BellSoft)
[18:52:36] [modloading-worker-0/INFO] ========================================
[18:52:36] [modloading-worker-0/INFO] Mods:
[18:52:36] [modloading-worker-0/INFO] - architectury: 13.0.8
[18:52:36] [modloading-worker-0/INFO] - cloth_config: 15.0.130
[18:52:36] [modloading-worker-0/INFO] - furniture: 1.0.4
[18:52:36] [modloading-worker-0/INFO] - generated_8129c91: 1
[18:52:36] [modloading-worker-0/INFO] - minecraft: 1.21.1
[18:52:36] [modloading-worker-0/INFO] - neoforge: 21.1.192
[18:52:36] [modloading-worker-0/INFO] - roughlyenoughitems: 16.0.799
[18:52:36] [modloading-worker-0/INFO] ========================================
[18:52:36] [modloading-worker-0/DEBUG] [REI] Added filtering rule [roughlyenoughitems:search]: INSTANCE
[18:52:36] [modloading-worker-0/DEBUG] [REI] Added filtering rule [roughlyenoughitems:manual]: INSTANCE
[18:52:36] [modloading-worker-0/DEBUG] [REI] Added filtering rule [roughlyenoughitems:basic]: INSTANCE
[18:52:36] [modloading-worker-0/INFO] [REI] Config loaded
[18:52:36] [modloading-worker-0/DEBUG] [REI] Config saved
[18:52:36] [modloading-worker-0/DEBUG] [REI] Config saved
[18:52:36] [modloading-worker-0/DEBUG] [REI] Config saved
[18:52:37] [modloading-worker-0/INFO] [REI] Registered plugin provider DefaultPluginImpl [roughlyenoughitems] for REIServerPlugin
[18:52:37] [modloading-worker-0/INFO] [REI] Registered plugin provider DefaultPluginImpl [roughlyenoughitems] for REIPlugin
[18:52:37] [modloading-worker-0/INFO] [REI] Registered plugin provider DefaultRuntimePlugin [roughlyenoughitems] for REIServerPlugin
[18:52:37] [modloading-worker-0/INFO] [REI] Registered plugin provider DefaultRuntimePlugin [roughlyenoughitems] for REIPlugin
[18:52:37] [modloading-worker-0/INFO] [REI] Registered plugin provider DefaultClientPluginImpl [roughlyenoughitems] for REIClientPlugin
[18:52:37] [modloading-worker-0/INFO] [REI] Registered plugin provider DefaultClientPluginImpl [roughlyenoughitems] for REIPlugin
[18:52:37] [modloading-worker-0/INFO] [REI] Registered plugin provider DefaultClientRuntimePlugin [roughlyenoughitems] for REIClientPlugin
[18:52:37] [modloading-worker-0/INFO] [REI] Registered plugin provider DefaultClientRuntimePlugin [roughlyenoughitems] for REIPlugin
[18:52:37] [modloading-worker-0/DEBUG] [REI] Added filtering rule [roughlyenoughitems:hidden_from_recipe_viewers]: INSTANCE
[18:52:37] [modloading-worker-0/INFO] [REI] Registered plugin provider HideIngredientsFromTagsPlugin [roughlyenoughitems] for REIClientPlugin
[18:52:37] [modloading-worker-0/INFO] [REI] Registered plugin provider HideIngredientsFromTagsPlugin [roughlyenoughitems] for REIPlugin
[18:52:57] [Render thread/DEBUG] [REI] Player quit, clearing reload tasks!
[18:52:57] [Render thread/DEBUG] [REI] Did not fulfill the request of termination of REI reload tasks because there are no uninterrupted running tasks. This is not an error.
